<?xml version="1.0" encoding="UTF-8" ?>
<testsuite tests="2" failures="0" name="cucmber.options.TestRun1" time="0.136" errors="2" skipped="0">
  <properties>
[...]
</properties>
  <testcase classname="Validate Place API`s" name="validate add placeApi" time="0.122">
    <error message="The step &apos;I Add place payload&apos; and 4 other step(s) are undefined.
You can implement these steps using the snippet(s) below:

@Given(&quot;I Add place payload&quot;)
public void i_add_place_payload() {
    // Write code here that turns the phrase above into concrete actions
    throw new io.cucumber.java.PendingException();
}
@When(&quot;user calls\&quot;AddApiPlace\&quot; with post https&quot;)
public void user_calls_add_api_place_with_post_https() {
    // Write code here that turns the phrase above into concrete actions
    throw new io.cucumber.java.PendingException();
}
@Then(&quot;Api call is succesful with status code {int}&quot;)
public void api_call_is_succesful_with_status_code(Integer int1) {
    // Write code here that turns the phrase above into concrete actions
    throw new io.cucumber.java.PendingException();
}
@Then(&quot;{string} in response body is {string}&quot;)
public void in_response_body_is(String string, String string2) {
    // Write code here that turns the phrase above into concrete actions
    throw new io.cucumber.java.PendingException();
}
@Then(&quot;{string} inn response body is\&quot; App\&quot;&quot;)
public void inn_response_body_is_app(String string) {
    // Write code here that turns the phrase above into concrete actions
    throw new io.cucumber.java.PendingException();
}
" type="io.cucumber.junit.UndefinedStepException">io.cucumber.junit.UndefinedStepException: The step &apos;I Add place payload&apos; and 4 other step(s) are undefined.
You can implement these steps using the snippet(s) below:

@Given(&quot;I Add place payload&quot;)
public void i_add_place_payload() {
    // Write code here that turns the phrase above into concrete actions
    throw new io.cucumber.java.PendingException();
}
@When(&quot;user calls\&quot;AddApiPlace\&quot; with post https&quot;)
public void user_calls_add_api_place_with_post_https() {
    // Write code here that turns the phrase above into concrete actions
    throw new io.cucumber.java.PendingException();
}
@Then(&quot;Api call is succesful with status code {int}&quot;)
public void api_call_is_succesful_with_status_code(Integer int1) {
    // Write code here that turns the phrase above into concrete actions
    throw new io.cucumber.java.PendingException();
}
@Then(&quot;{string} in response body is {string}&quot;)
public void in_response_body_is(String string, String string2) {
    // Write code here that turns the phrase above into concrete actions
    throw new io.cucumber.java.PendingException();
}
@Then(&quot;{string} inn response body is\&quot; App\&quot;&quot;)
public void inn_response_body_is_app(String string) {
    // Write code here that turns the phrase above into concrete actions
    throw new io.cucumber.java.PendingException();
}

</error>
    <system-out>
@addPlace
Scenario: validate add placeApi                   &amp;#27;[90m# src/test/java/feature/PlcaeValidation.feature:8&amp;#27;[0m
  &amp;#27;[33mGiven &amp;#27;[0m&amp;#27;[33mI Add place payload&amp;#27;[0m
  &amp;#27;[36mWhen &amp;#27;[0m&amp;#27;[36muser calls&quot;AddApiPlace&quot; with post https&amp;#27;[0m
  &amp;#27;[36mThen &amp;#27;[0m&amp;#27;[36mApi call is succesful with status code 200&amp;#27;[0m
  &amp;#27;[36mAnd &amp;#27;[0m&amp;#27;[36m&quot;status&quot; in response body is &quot;OK&quot;&amp;#27;[0m
  &amp;#27;[36mAnd &amp;#27;[0m&amp;#27;[36m&quot;scope&quot; inn response body is&quot; App&quot;&amp;#27;[0m
</system-out>
  </testcase>
  <testcase classname="Validate Place API`s" name="Verify DeletePlace is working" time="0.014">
    <error message="The step &apos;deletPlace Payload&apos; and 3 other step(s) are undefined.
You can implement these steps using the snippet(s) below:

@Given(&quot;deletPlace Payload&quot;)
public void delet_place_payload() {
    // Write code here that turns the phrase above into concrete actions
    throw new io.cucumber.java.PendingException();
}
@When(&quot;user calls\&quot;deleteApiPlace\&quot; with post https&quot;)
public void user_calls_delete_api_place_with_post_https() {
    // Write code here that turns the phrase above into concrete actions
    throw new io.cucumber.java.PendingException();
}
@Then(&quot;the  Api call is succesful with status code {int}&quot;)
public void the_api_call_is_succesful_with_status_code(Integer int1) {
    // Write code here that turns the phrase above into concrete actions
    throw new io.cucumber.java.PendingException();
}
@Then(&quot;{string} in response body is {string}&quot;)
public void in_response_body_is(String string, String string2) {
    // Write code here that turns the phrase above into concrete actions
    throw new io.cucumber.java.PendingException();
}
" type="io.cucumber.junit.UndefinedStepException">io.cucumber.junit.UndefinedStepException: The step &apos;deletPlace Payload&apos; and 3 other step(s) are undefined.
You can implement these steps using the snippet(s) below:

@Given(&quot;deletPlace Payload&quot;)
public void delet_place_payload() {
    // Write code here that turns the phrase above into concrete actions
    throw new io.cucumber.java.PendingException();
}
@When(&quot;user calls\&quot;deleteApiPlace\&quot; with post https&quot;)
public void user_calls_delete_api_place_with_post_https() {
    // Write code here that turns the phrase above into concrete actions
    throw new io.cucumber.java.PendingException();
}
@Then(&quot;the  Api call is succesful with status code {int}&quot;)
public void the_api_call_is_succesful_with_status_code(Integer int1) {
    // Write code here that turns the phrase above into concrete actions
    throw new io.cucumber.java.PendingException();
}
@Then(&quot;{string} in response body is {string}&quot;)
public void in_response_body_is(String string, String string2) {
    // Write code here that turns the phrase above into concrete actions
    throw new io.cucumber.java.PendingException();
}

</error>
    <system-out>
Scenario: Verify DeletePlace is working                &amp;#27;[90m# src/test/java/feature/PlcaeValidation.feature:17&amp;#27;[0m
  &amp;#27;[33mGiven &amp;#27;[0m&amp;#27;[33mdeletPlace Payload&amp;#27;[0m
  &amp;#27;[36mWhen &amp;#27;[0m&amp;#27;[36muser calls&quot;deleteApiPlace&quot; with post https&amp;#27;[0m
  &amp;#27;[36mThen &amp;#27;[0m&amp;#27;[36mthe  Api call is succesful with status code 200&amp;#27;[0m
  &amp;#27;[36mAnd &amp;#27;[0m&amp;#27;[36m&quot;status&quot; in response body is &quot;OK&quot;&amp;#27;[0m
</system-out>
  </testcase>
</testsuite>